<?xml version="1.0" encoding="UTF-8"?>
<testng-results ignored="0" total="1" passed="1" failed="0" skipped="0">
  <reporter-output>
  </reporter-output>
  <suite started-at="2023-11-29T14:02:57 IST" name="Suite" finished-at="2023-11-29T14:03:10 IST" duration-ms="12493">
    <groups>
    </groups>
    <test started-at="2023-11-29T14:02:57 IST" name="Test" finished-at="2023-11-29T14:03:10 IST" duration-ms="12493">
      <class name="Test.Test_case_01">
        <test-method is-config="true" signature="launch()[pri:0, instance:Test.Test_case_01@747ddf94]" started-at="2023-11-29T14:02:57 IST" name="launch" finished-at="2023-11-29T14:03:03 IST" duration-ms="6242" status="PASS">
          <reporter-output>
          </reporter-output>
        </test-method> <!-- launch -->
        <test-method signature="Toverifyloginfunctionality()[pri:0, instance:Test.Test_case_01@747ddf94]" started-at="2023-11-29T14:03:03 IST" name="Toverifyloginfunctionality" finished-at="2023-11-29T14:03:06 IST" duration-ms="2183" status="PASS">
          <reporter-output>
          </reporter-output>
        </test-method> <!-- Toverifyloginfunctionality -->
        <test-method is-config="true" signature="quit()[pri:0, instance:Test.Test_case_01@747ddf94]" started-at="2023-11-29T14:03:06 IST" name="quit" finished-at="2023-11-29T14:03:10 IST" duration-ms="4011" status="PASS">
          <reporter-output>
          </reporter-output>
        </test-method> <!-- quit -->
      </class> <!-- Test.Test_case_01 -->
    </test> <!-- Test -->
  </suite> <!-- Suite -->
</testng-results>
